<?xml version="1.0" encoding="UTF-8" ?>
<testsuite tests="2" failures="1" name="com.noblemktkyc.test.controller.ITKycSaveControllerTest" time="27.965" errors="0" skipped="0">
  <properties>
    <property name="java.runtime.name" value="Java(TM) SE Runtime Environment"/>
    <property name="sun.boot.library.path" value="C:\Program Files\Java\jdk1.8.0_73\jre\bin"/>
    <property name="java.vm.version" value="25.73-b02"/>
    <property name="java.vm.vendor" value="Oracle Corporation"/>
    <property name="maven.multiModuleProjectDirectory" value="D:\workspace\NobleMktKYC_Final"/>
    <property name="java.vendor.url" value="http://java.oracle.com/"/>
    <property name="path.separator" value=";"/>
    <property name="guice.disable.misplaced.annotation.check" value="true"/>
    <property name="java.vm.name" value="Java HotSpot(TM) 64-Bit Server VM"/>
    <property name="file.encoding.pkg" value="sun.io"/>
    <property name="user.script" value=""/>
    <property name="user.country" value="US"/>
    <property name="sun.java.launcher" value="SUN_STANDARD"/>
    <property name="sun.os.patch.level" value="Service Pack 1"/>
    <property name="java.vm.specification.name" value="Java Virtual Machine Specification"/>
    <property name="user.dir" value="D:\workspace\NobleMktKYC_Final"/>
    <property name="java.runtime.version" value="1.8.0_73-b02"/>
    <property name="java.awt.graphicsenv" value="sun.awt.Win32GraphicsEnvironment"/>
    <property name="java.endorsed.dirs" value="C:\Program Files\Java\jdk1.8.0_73\jre\lib\endorsed"/>
    <property name="os.arch" value="amd64"/>
    <property name="java.io.tmpdir" value="C:\Users\PZade\AppData\Local\Temp\"/>
    <property name="line.separator" value="
"/>
    <property name="java.vm.specification.vendor" value="Oracle Corporation"/>
    <property name="user.variant" value=""/>
    <property name="os.name" value="Windows 7"/>
    <property name="classworlds.conf" value="D:\workspace\couch example\.metadata\.plugins\org.eclipse.m2e.launching\launches\m2conf5607710872744015740.tmp"/>
    <property name="sun.jnu.encoding" value="Cp1252"/>
    <property name="java.library.path" value="C:\Program Files\Java\jdk1.8.0_73\bin;C:\Windows\Sun\Java\bin;C:\Windows\system32;C:\Windows;C:/Program Files/Java/jre1.8.0_73/bin/server;C:/Program Files/Java/jre1.8.0_73/bin;C:/Program Files/Java/jre1.8.0_73/lib/amd64;C:\oraclexe\app\oracle\product\11.2.0\server\bin;C:\ProgramData\Oracle\Java\javapath;C:\Windows\system32;C:\Windows;C:\Windows\System32\Wbem;C:\Windows\System32\WindowsPowerShell\v1.0\;C:\Program Files (x86)\Skype\Phone\;C:\Program Files\Java\jdk1.8.0_73\bin;C:\Program Files (x86)\MySQL\MySQL Fabric 1.5 &amp; MySQL Utilities 1.5\;C:\Program Files (x86)\MySQL\MySQL Fabric 1.5 &amp; MySQL Utilities 1.5\Doctrine extensions for PHP\;%M2_HOME%\bin;C:\Program Files\Java\jdk1.8.0_73\bin;D:\my data\software\transerve project related software\rabbitmq-server-3.6.0\sbin;D:\my data\software\transerve project related software;C:\Program Files\TortoiseGit\bin;C:\curl;C:\Program Files\Microsoft SQL Server\130\Tools\Binn\;C:\Program Files (x86)\nodejs\;C:\Program Files\Git\cmd;%CLASSPATH%;%JUNIT_HOME%\junit4.10.jar;D:\my data\Jms software\apache-activemq-5.14.0-bin\apache-activemq-5.14.0\bin\win64;C:\HashiCorp\Vagrant\bin;C:\Program Files\Apache Software Foundation\apache-maven-3.3.9\bin;C:\Users\PZade\AppData\Roaming\npm;D:\my data\software\eclips_mars\eclipse;;."/>
    <property name="java.specification.name" value="Java Platform API Specification"/>
    <property name="java.class.version" value="52.0"/>
    <property name="sun.management.compiler" value="HotSpot 64-Bit Tiered Compilers"/>
    <property name="os.version" value="6.1"/>
    <property name="user.home" value="C:\Users\PZade"/>
    <property name="user.timezone" value="Asia/Calcutta"/>
    <property name="java.awt.printerjob" value="sun.awt.windows.WPrinterJob"/>
    <property name="java.specification.version" value="1.8"/>
    <property name="file.encoding" value="Cp1252"/>
    <property name="user.name" value="PZade"/>
    <property name="java.class.path" value="/D:/my data/software/eclips_mars/eclipse/plugins/org.eclipse.m2e.maven.runtime_1.6.3.20160209-1444/jars/plexus-classworlds-2.5.2.jar"/>
    <property name="java.vm.specification.version" value="1.8"/>
    <property name="sun.arch.data.model" value="64"/>
    <property name="java.home" value="C:\Program Files\Java\jdk1.8.0_73\jre"/>
    <property name="sun.java.command" value="org.codehaus.plexus.classworlds.launcher.Launcher -B install"/>
    <property name="java.specification.vendor" value="Oracle Corporation"/>
    <property name="user.language" value="en"/>
    <property name="awt.toolkit" value="sun.awt.windows.WToolkit"/>
    <property name="java.vm.info" value="mixed mode"/>
    <property name="java.version" value="1.8.0_73"/>
    <property name="java.ext.dirs" value="C:\Program Files\Java\jdk1.8.0_73\jre\lib\ext;C:\Windows\Sun\Java\lib\ext"/>
    <property name="sun.boot.class.path" value="C:\Program Files\Java\jdk1.8.0_73\jre\lib\resources.jar;C:\Program Files\Java\jdk1.8.0_73\jre\lib\rt.jar;C:\Program Files\Java\jdk1.8.0_73\jre\lib\sunrsasign.jar;C:\Program Files\Java\jdk1.8.0_73\jre\lib\jsse.jar;C:\Program Files\Java\jdk1.8.0_73\jre\lib\jce.jar;C:\Program Files\Java\jdk1.8.0_73\jre\lib\charsets.jar;C:\Program Files\Java\jdk1.8.0_73\jre\lib\jfr.jar;C:\Program Files\Java\jdk1.8.0_73\jre\classes"/>
    <property name="java.vendor" value="Oracle Corporation"/>
    <property name="maven.home" value="D:\workspace\NobleMktKYC_Final\EMBEDDED"/>
    <property name="file.separator" value="\"/>
    <property name="java.vendor.url.bug" value="http://bugreport.sun.com/bugreport/"/>
    <property name="sun.cpu.endian" value="little"/>
    <property name="sun.io.unicode.encoding" value="UnicodeLittle"/>
    <property name="sun.desktop" value="windows"/>
    <property name="sun.cpu.isalist" value="amd64"/>
  </properties>
  <testcase classname="com.noblemktkyc.test.controller.ITKycSaveControllerTest" name="uplodeFileTest" time="26.118"/>
  <testcase classname="com.noblemktkyc.test.controller.ITKycSaveControllerTest" name="saveKycInfoTest" time="1.847">
    <failure message="Status expected:&lt;200&gt; but was:&lt;500&gt;" type="java.lang.AssertionError">java.lang.AssertionError: Status expected:&lt;200&gt; but was:&lt;500&gt;
	at org.springframework.test.util.AssertionErrors.fail(AssertionErrors.java:60)
	at org.springframework.test.util.AssertionErrors.assertEquals(AssertionErrors.java:89)
	at org.springframework.test.web.servlet.result.StatusResultMatchers$10.match(StatusResultMatchers.java:653)
	at org.springframework.test.web.servlet.MockMvc$1.andExpect(MockMvc.java:152)
	at com.noblemktkyc.test.controller.ITKycSaveControllerTest.saveKycInfoTest(ITKycSaveControllerTest.java:63)
	at sun.reflect.NativeMethodAccessorImpl.invoke0(Native Method)
	at sun.reflect.NativeMethodAccessorImpl.invoke(NativeMethodAccessorImpl.java:62)
	at sun.reflect.DelegatingMethodAccessorImpl.invoke(DelegatingMethodAccessorImpl.java:43)
	at java.lang.reflect.Method.invoke(Method.java:497)
	at org.junit.runners.model.FrameworkMethod$1.runReflectiveCall(FrameworkMethod.java:50)
	at org.junit.internal.runners.model.ReflectiveCallable.run(ReflectiveCallable.java:12)
	at org.junit.runners.model.FrameworkMethod.invokeExplosively(FrameworkMethod.java:47)
	at org.junit.internal.runners.statements.InvokeMethod.evaluate(InvokeMethod.java:17)
	at org.junit.internal.runners.statements.RunBefores.evaluate(RunBefores.java:26)
	at org.springframework.test.context.junit4.statements.RunBeforeTestMethodCallbacks.evaluate(RunBeforeTestMethodCallbacks.java:73)
	at org.springframework.test.context.junit4.statements.RunAfterTestMethodCallbacks.evaluate(RunAfterTestMethodCallbacks.java:82)
	at org.springframework.test.context.junit4.statements.SpringRepeat.evaluate(SpringRepeat.java:73)
	at org.junit.runners.ParentRunner.runLeaf(ParentRunner.java:325)
	at org.springframework.test.context.junit4.SpringJUnit4ClassRunner.runChild(SpringJUnit4ClassRunner.java:217)
	at org.springframework.test.context.junit4.SpringJUnit4ClassRunner.runChild(SpringJUnit4ClassRunner.java:83)
	at org.junit.runners.ParentRunner$3.run(ParentRunner.java:290)
	at org.junit.runners.ParentRunner$1.schedule(ParentRunner.java:71)
	at org.junit.runners.ParentRunner.runChildren(ParentRunner.java:288)
	at org.junit.runners.ParentRunner.access$000(ParentRunner.java:58)
	at org.junit.runners.ParentRunner$2.evaluate(ParentRunner.java:268)
	at org.springframework.test.context.junit4.statements.RunBeforeTestClassCallbacks.evaluate(RunBeforeTestClassCallbacks.java:61)
	at org.springframework.test.context.junit4.statements.RunAfterTestClassCallbacks.evaluate(RunAfterTestClassCallbacks.java:68)
	at org.junit.runners.ParentRunner.run(ParentRunner.java:363)
	at org.springframework.test.context.junit4.SpringJUnit4ClassRunner.run(SpringJUnit4ClassRunner.java:163)
	at org.apache.maven.surefire.junit4.JUnit4Provider.execute(JUnit4Provider.java:252)
	at org.apache.maven.surefire.junit4.JUnit4Provider.executeTestSet(JUnit4Provider.java:141)
	at org.apache.maven.surefire.junit4.JUnit4Provider.invoke(JUnit4Provider.java:112)
	at sun.reflect.NativeMethodAccessorImpl.invoke0(Native Method)
	at sun.reflect.NativeMethodAccessorImpl.invoke(NativeMethodAccessorImpl.java:62)
	at sun.reflect.DelegatingMethodAccessorImpl.invoke(DelegatingMethodAccessorImpl.java:43)
	at java.lang.reflect.Method.invoke(Method.java:497)
	at org.apache.maven.surefire.util.ReflectionUtils.invokeMethodWithArray(ReflectionUtils.java:189)
	at org.apache.maven.surefire.booter.ProviderFactory$ProviderProxy.invoke(ProviderFactory.java:165)
	at org.apache.maven.surefire.booter.ProviderFactory.invokeProvider(ProviderFactory.java:85)
	at org.apache.maven.surefire.booter.ForkedBooter.runSuitesInProcess(ForkedBooter.java:115)
	at org.apache.maven.surefire.booter.ForkedBooter.main(ForkedBooter.java:75)
</failure>
    <system-out>hi me ya hu;;;;;;;;;;;;;;;;;;;;;;;;;;
{&quot;userName&quot;:&quot;pallavi&quot;,&quot;email&quot;:&quot;pall@gmail.com&quot;,&quot;type&quot;:&quot;PersonalInfo&quot;,&quot;firstName&quot;:&quot;pallavi&quot;,&quot;lastName&quot;:&quot;zade&quot;,&quot;nationalIdentifier&quot;:null,&quot;documentUploadDetail&quot;:[],&quot;contact_information&quot;:null,&quot;contact_address&quot;:null}
hi me ya hu;;;;;;;;;;;;;;;;;;;;;;;;;;
{&quot;userName&quot;:&quot;pallavi&quot;,&quot;email&quot;:&quot;pall@gmail.com&quot;,&quot;type&quot;:&quot;PersonalInfo&quot;,&quot;firstName&quot;:&quot;pallavi&quot;,&quot;lastName&quot;:&quot;zade&quot;,&quot;nationalIdentifier&quot;:null,&quot;documentUploadDetail&quot;:[],&quot;contact_information&quot;:null,&quot;contact_address&quot;:null}
================%%%%%%%%%%%%%%%%%%%%%{&quot;userName&quot;:&quot;pallavi&quot;,&quot;email&quot;:&quot;pall@gmail.com&quot;,&quot;type&quot;:&quot;PersonalInfo&quot;,&quot;firstName&quot;:&quot;pallavi&quot;,&quot;lastName&quot;:&quot;zade&quot;,&quot;nationalIdentifier&quot;:null,&quot;documentUploadDetail&quot;:[],&quot;contact_information&quot;:null,&quot;contact_address&quot;:null}
hi me ya hu;;;;;;;;;;;;;;;;;;;;;;;;;;
{&quot;userName&quot;:&quot;pallavi&quot;,&quot;email&quot;:&quot;pall@gmail.com&quot;,&quot;type&quot;:&quot;PersonalInfo&quot;,&quot;firstName&quot;:&quot;pallavi&quot;,&quot;lastName&quot;:&quot;zade&quot;,&quot;nationalIdentifier&quot;:null,&quot;documentUploadDetail&quot;:[],&quot;contact_information&quot;:null,&quot;contact_address&quot;:null}
ERROR: [main] 2016-10-04 14:00:59,787 com.noblemktkyc.service.UserServiceImpl Inside UserServiceImpl :: getUserBoxFolder method
INFO : [main] 2016-10-04 14:00:59,788 com.noblemktkyc.service.box.api.BoxApiServiceImpl Inside BoxApiServiceImpl::getBoxFolder Method
INFO : [main] 2016-10-04 14:00:59,788 com.noblemktkyc.service.box.api.BoxApiServiceImpl Inside BoxApiServiceImpl::setBoxAPIConnection Method
INFO : [main] 2016-10-04 14:00:59,789 com.noblemktkyc.service.box.api.BoxApiServiceImpl BoxApiServiceImpl::setBoxAPIConnection Method::before creating connection::
INFO : [main] 2016-10-04 14:01:00,974 com.noblemktkyc.service.box.api.BoxApiServiceImpl BoxApiServiceImpl::setBoxAPIConnection Method::after creating connection::
INFO : [main] 2016-10-04 14:01:01,347 com.noblemktkyc.service.box.api.BoxApiServiceImpl Inside BoxApiServiceImpl::getBoxFolder Method :: File/folder name is customer_sample@gmail.com_fileCopyComplete
INFO : [main] 2016-10-04 14:01:01,348 com.noblemktkyc.service.box.api.BoxApiServiceImpl Inside BoxApiServiceImpl::getBoxFolder Method :: File/folder name is pallavi_inProgress
INFO : [main] 2016-10-04 14:01:01,348 com.noblemktkyc.service.box.api.BoxApiServiceImpl Inside BoxApiServiceImpl::getBoxFolder Method :: User Folder found pallavi_inProgress
DEBUG: [main] 2016-10-04 14:01:01,411 org.hibernate.validator.internal.metadata.descriptor.ConstraintDescriptorImpl Adding composing constraint: ConstraintDescriptorImpl{annotation=javax.validation.constraints.Pattern, payloads=[], hasComposingConstraints=true, isReportAsSingleInvalidConstraint=false, elementType=FIELD, definedOn=DEFINED_LOCALLY, groups=[interface javax.validation.groups.Default], attributes={flags=[Ljavax.validation.constraints.Pattern$Flag;@7c6442c2, groups=[Ljava.lang.Class;@2d746ce4, regexp=.*, message={javax.validation.constraints.Pattern.message}, payload=[Ljava.lang.Class;@5dbf5634}, constraintType=GENERIC}.
DEBUG: [main] 2016-10-04 14:01:01,415 org.hibernate.validator.internal.metadata.descriptor.ConstraintDescriptorImpl Adding composing constraint: ConstraintDescriptorImpl{annotation=javax.validation.constraints.Pattern, payloads=[], hasComposingConstraints=true, isReportAsSingleInvalidConstraint=false, elementType=FIELD, definedOn=DEFINED_LOCALLY, groups=[interface javax.validation.groups.Default], attributes={flags=[Ljavax.validation.constraints.Pattern$Flag;@7c6442c2, groups=[Ljava.lang.Class;@6c298dc, regexp=.*, message={javax.validation.constraints.Pattern.message}, payload=[Ljava.lang.Class;@3e7dfd44}, constraintType=GENERIC}.
DEBUG: [main] 2016-10-04 14:01:01,416 org.hibernate.validator.internal.metadata.descriptor.ConstraintDescriptorImpl Adding composing constraint: ConstraintDescriptorImpl{annotation=javax.validation.constraints.NotNull, payloads=[], hasComposingConstraints=true, isReportAsSingleInvalidConstraint=false, elementType=FIELD, definedOn=DEFINED_LOCALLY, groups=[interface javax.validation.groups.Default], attributes={message={javax.validation.constraints.NotNull.message}, groups=[Ljava.lang.Class;@6b760460, payload=[Ljava.lang.Class;@796065aa}, constraintType=GENERIC}.
DEBUG: [main] 2016-10-04 14:01:01,416 org.hibernate.validator.internal.metadata.descriptor.ConstraintDescriptorImpl Adding composing constraint: ConstraintDescriptorImpl{annotation=javax.validation.constraints.Size, payloads=[], hasComposingConstraints=true, isReportAsSingleInvalidConstraint=false, elementType=FIELD, definedOn=DEFINED_LOCALLY, groups=[interface javax.validation.groups.Default], attributes={groups=[Ljava.lang.Class;@2c306a57, min=1, message={javax.validation.constraints.Size.message}, max=2147483647, payload=[Ljava.lang.Class;@773e2eb5}, constraintType=GENERIC}.
DEBUG: [main] 2016-10-04 14:01:01,417 org.hibernate.validator.internal.metadata.descriptor.ConstraintDescriptorImpl Adding composing constraint: ConstraintDescriptorImpl{annotation=javax.validation.constraints.NotNull, payloads=[], hasComposingConstraints=true, isReportAsSingleInvalidConstraint=false, elementType=FIELD, definedOn=DEFINED_LOCALLY, groups=[interface javax.validation.groups.Default], attributes={message={javax.validation.constraints.NotNull.message}, groups=[Ljava.lang.Class;@1436a7ab, payload=[Ljava.lang.Class;@3b7b05a8}, constraintType=GENERIC}.
DEBUG: [main] 2016-10-04 14:01:01,418 org.hibernate.validator.internal.metadata.descriptor.ConstraintDescriptorImpl Adding composing constraint: ConstraintDescriptorImpl{annotation=javax.validation.constraints.Size, payloads=[], hasComposingConstraints=true, isReportAsSingleInvalidConstraint=false, elementType=FIELD, definedOn=DEFINED_LOCALLY, groups=[interface javax.validation.groups.Default], attributes={groups=[Ljava.lang.Class;@7abe27bf, min=1, message={javax.validation.constraints.Size.message}, max=2147483647, payload=[Ljava.lang.Class;@5b94ccbc}, constraintType=GENERIC}.
DEBUG: [main] 2016-10-04 14:01:01,485 org.hibernate.validator.resourceloading.PlatformResourceBundleLocator ValidationMessages not found.
DEBUG: [main] 2016-10-04 14:01:01,487 org.hibernate.validator.resourceloading.PlatformResourceBundleLocator org.hibernate.validator.ValidationMessages found.
INFO : [main] 2016-10-04 14:01:01,495 com.noblemktkyc.controller.KycSaveController inside KycSaveController :: saveKycInfo Method
ERROR: [main] 2016-10-04 14:01:01,496 com.noblemktkyc.controller.KycSaveController 
ERROR: [main] 2016-10-04 14:01:01,496 com.noblemktkyc.controller.KycSaveController [Ljava.lang.StackTraceElement;@12958360
ERROR: [main] 2016-10-04 14:01:01,498 com.noblemktkyc.controller.KycSaveController Exception in KycSaveController :: saveKycInfo method:: Exception is ::
java.lang.NullPointerException
	at com.noblemktkyc.model.CustomValidator.validate(CustomValidator.java:36)
	at com.noblemktkyc.controller.KycSaveController.saveKycInfo(KycSaveController.java:78)
	at sun.reflect.NativeMethodAccessorImpl.invoke0(Native Method)
	at sun.reflect.NativeMethodAccessorImpl.invoke(NativeMethodAccessorImpl.java:62)
	at sun.reflect.DelegatingMethodAccessorImpl.invoke(DelegatingMethodAccessorImpl.java:43)
	at java.lang.reflect.Method.invoke(Method.java:497)
	at org.springframework.web.method.support.InvocableHandlerMethod.doInvoke(InvocableHandlerMethod.java:221)
	at org.springframework.web.method.support.InvocableHandlerMethod.invokeForRequest(InvocableHandlerMethod.java:137)
	at org.springframework.web.servlet.mvc.method.annotation.ServletInvocableHandlerMethod.invokeAndHandle(ServletInvocableHandlerMethod.java:111)
	at org.springframework.web.servlet.mvc.method.annotation.RequestMappingHandlerAdapter.invokeHandlerMethod(RequestMappingHandlerAdapter.java:806)
	at org.springframework.web.servlet.mvc.method.annotation.RequestMappingHandlerAdapter.handleInternal(RequestMappingHandlerAdapter.java:729)
	at org.springframework.web.servlet.mvc.method.AbstractHandlerMethodAdapter.handle(AbstractHandlerMethodAdapter.java:85)
	at org.springframework.web.servlet.DispatcherServlet.doDispatch(DispatcherServlet.java:959)
	at org.springframework.web.servlet.DispatcherServlet.doService(DispatcherServlet.java:893)
	at org.springframework.web.servlet.FrameworkServlet.processRequest(FrameworkServlet.java:970)
	at org.springframework.web.servlet.FrameworkServlet.doPost(FrameworkServlet.java:872)
	at javax.servlet.http.HttpServlet.service(HttpServlet.java:707)
	at org.springframework.web.servlet.FrameworkServlet.service(FrameworkServlet.java:846)
	at org.springframework.test.web.servlet.TestDispatcherServlet.service(TestDispatcherServlet.java:65)
	at javax.servlet.http.HttpServlet.service(HttpServlet.java:790)
	at org.springframework.mock.web.MockFilterChain$ServletFilterProxy.doFilter(MockFilterChain.java:167)
	at org.springframework.mock.web.MockFilterChain.doFilter(MockFilterChain.java:134)
	at org.springframework.test.web.servlet.MockMvc.perform(MockMvc.java:144)
	at com.noblemktkyc.test.controller.ITKycSaveControllerTest.saveKycInfoTest(ITKycSaveControllerTest.java:62)
	at sun.reflect.NativeMethodAccessorImpl.invoke0(Native Method)
	at sun.reflect.NativeMethodAccessorImpl.invoke(NativeMethodAccessorImpl.java:62)
	at sun.reflect.DelegatingMethodAccessorImpl.invoke(DelegatingMethodAccessorImpl.java:43)
	at java.lang.reflect.Method.invoke(Method.java:497)
	at org.junit.runners.model.FrameworkMethod$1.runReflectiveCall(FrameworkMethod.java:50)
	at org.junit.internal.runners.model.ReflectiveCallable.run(ReflectiveCallable.java:12)
	at org.junit.runners.model.FrameworkMethod.invokeExplosively(FrameworkMethod.java:47)
	at org.junit.internal.runners.statements.InvokeMethod.evaluate(InvokeMethod.java:17)
	at org.junit.internal.runners.statements.RunBefores.evaluate(RunBefores.java:26)
	at org.springframework.test.context.junit4.statements.RunBeforeTestMethodCallbacks.evaluate(RunBeforeTestMethodCallbacks.java:73)
	at org.springframework.test.context.junit4.statements.RunAfterTestMethodCallbacks.evaluate(RunAfterTestMethodCallbacks.java:82)
	at org.springframework.test.context.junit4.statements.SpringRepeat.evaluate(SpringRepeat.java:73)
	at org.junit.runners.ParentRunner.runLeaf(ParentRunner.java:325)
	at org.springframework.test.context.junit4.SpringJUnit4ClassRunner.runChild(SpringJUnit4ClassRunner.java:217)
	at org.springframework.test.context.junit4.SpringJUnit4ClassRunner.runChild(SpringJUnit4ClassRunner.java:83)
	at org.junit.runners.ParentRunner$3.run(ParentRunner.java:290)
	at org.junit.runners.ParentRunner$1.schedule(ParentRunner.java:71)
	at org.junit.runners.ParentRunner.runChildren(ParentRunner.java:288)
	at org.junit.runners.ParentRunner.access$000(ParentRunner.java:58)
	at org.junit.runners.ParentRunner$2.evaluate(ParentRunner.java:268)
	at org.springframework.test.context.junit4.statements.RunBeforeTestClassCallbacks.evaluate(RunBeforeTestClassCallbacks.java:61)
	at org.springframework.test.context.junit4.statements.RunAfterTestClassCallbacks.evaluate(RunAfterTestClassCallbacks.java:68)
	at org.junit.runners.ParentRunner.run(ParentRunner.java:363)
	at org.springframework.test.context.junit4.SpringJUnit4ClassRunner.run(SpringJUnit4ClassRunner.java:163)
	at org.apache.maven.surefire.junit4.JUnit4Provider.execute(JUnit4Provider.java:252)
	at org.apache.maven.surefire.junit4.JUnit4Provider.executeTestSet(JUnit4Provider.java:141)
	at org.apache.maven.surefire.junit4.JUnit4Provider.invoke(JUnit4Provider.java:112)
	at sun.reflect.NativeMethodAccessorImpl.invoke0(Native Method)
	at sun.reflect.NativeMethodAccessorImpl.invoke(NativeMethodAccessorImpl.java:62)
	at sun.reflect.DelegatingMethodAccessorImpl.invoke(DelegatingMethodAccessorImpl.java:43)
	at java.lang.reflect.Method.invoke(Method.java:497)
	at org.apache.maven.surefire.util.ReflectionUtils.invokeMethodWithArray(ReflectionUtils.java:189)
	at org.apache.maven.surefire.booter.ProviderFactory$ProviderProxy.invoke(ProviderFactory.java:165)
	at org.apache.maven.surefire.booter.ProviderFactory.invokeProvider(ProviderFactory.java:85)
	at org.apache.maven.surefire.booter.ForkedBooter.runSuitesInProcess(ForkedBooter.java:115)
	at org.apache.maven.surefire.booter.ForkedBooter.main(ForkedBooter.java:75)
</system-out>
  </testcase>
</testsuite>