<?xml version="1.0" encoding="UTF-8" ?>
<testsuite tests="2" failures="1" name="com.noblemktkyc.test.controller.ITKycSaveControllerTest" time="27.965" errors="0" skipped="0">
  <properties>
[...]
</properties>
  <testcase classname="com.noblemktkyc.test.controller.ITKycSaveControllerTest" name="uplodeFileTest" time="26.118"/>
  <testcase classname="com.noblemktkyc.test.controller.ITKycSaveControllerTest" name="saveKycInfoTest" time="1.847">
    <failure message="Status expected:&lt;200&gt; but was:&lt;500&gt;" type="java.lang.AssertionError">java.lang.AssertionError: Status expected:&lt;200&gt; but was:&lt;500&gt;
	at org.springframework.test.util.AssertionErrors.fail(AssertionErrors.java:60)
	at org.springframework.test.util.AssertionErrors.assertEquals(AssertionErrors.java:89)
	at org.springframework.test.web.servlet.result.StatusResultMatchers$10.match(StatusResultMatchers.java:653)
	at org.springframework.test.web.servlet.MockMvc$1.andExpect(MockMvc.java:152)
	at com.noblemktkyc.test.controller.ITKycSaveControllerTest.saveKycInfoTest(ITKycSaveControllerTest.java:63)
	at sun.reflect.NativeMethodAccessorImpl.invoke0(Native Method)
	at sun.reflect.NativeMethodAccessorImpl.invoke(NativeMethodAccessorImpl.java:62)
	at sun.reflect.DelegatingMethodAccessorImpl.invoke(DelegatingMethodAccessorImpl.java:43)
	at java.lang.reflect.Method.invoke(Method.java:497)
	at org.junit.runners.model.FrameworkMethod$1.runReflectiveCall(FrameworkMethod.java:50)
	at org.junit.internal.runners.model.ReflectiveCallable.run(ReflectiveCallable.java:12)
	at org.junit.runners.model.FrameworkMethod.invokeExplosively(FrameworkMethod.java:47)
	at org.junit.internal.runners.statements.InvokeMethod.evaluate(InvokeMethod.java:17)
	at org.junit.internal.runners.statements.RunBefores.evaluate(RunBefores.java:26)
	at org.springframework.test.context.junit4.statements.RunBeforeTestMethodCallbacks.evaluate(RunBeforeTestMethodCallbacks.java:73)
	at org.springframework.test.context.junit4.statements.RunAfterTestMethodCallbacks.evaluate(RunAfterTestMethodCallbacks.java:82)
	at org.springframework.test.context.junit4.statements.SpringRepeat.evaluate(SpringRepeat.java:73)
	at org.junit.runners.ParentRunner.runLeaf(ParentRunner.java:325)
	at org.springframework.test.context.junit4.SpringJUnit4ClassRunner.runChild(SpringJUnit4ClassRunner.java:217)
	at org.springframework.test.context.junit4.SpringJUnit4ClassRunner.runChild(SpringJUnit4ClassRunner.java:83)
	at org.junit.runners.ParentRunner$3.run(ParentRunner.java:290)
	at org.junit.runners.ParentRunner$1.schedule(ParentRunner.java:71)
	at org.junit.runners.ParentRunner.runChildren(ParentRunner.java:288)
	at org.junit.runners.ParentRunner.access$000(ParentRunner.java:58)
	at org.junit.runners.ParentRunner$2.evaluate(ParentRunner.java:268)
	at org.springframework.test.context.junit4.statements.RunBeforeTestClassCallbacks.evaluate(RunBeforeTestClassCallbacks.java:61)
	at org.springframework.test.context.junit4.statements.RunAfterTestClassCallbacks.evaluate(RunAfterTestClassCallbacks.java:68)
	at org.junit.runners.ParentRunner.run(ParentRunner.java:363)
	at org.springframework.test.context.junit4.SpringJUnit4ClassRunner.run(SpringJUnit4ClassRunner.java:163)
	at org.apache.maven.surefire.junit4.JUnit4Provider.execute(JUnit4Provider.java:252)
	at org.apache.maven.surefire.junit4.JUnit4Provider.executeTestSet(JUnit4Provider.java:141)
	at org.apache.maven.surefire.junit4.JUnit4Provider.invoke(JUnit4Provider.java:112)
	at sun.reflect.NativeMethodAccessorImpl.invoke0(Native Method)
	at sun.reflect.NativeMethodAccessorImpl.invoke(NativeMethodAccessorImpl.java:62)
	at sun.reflect.DelegatingMethodAccessorImpl.invoke(DelegatingMethodAccessorImpl.java:43)
	at java.lang.reflect.Method.invoke(Method.java:497)
	at org.apache.maven.surefire.util.ReflectionUtils.invokeMethodWithArray(ReflectionUtils.java:189)
	at org.apache.maven.surefire.booter.ProviderFactory$ProviderProxy.invoke(ProviderFactory.java:165)
	at org.apache.maven.surefire.booter.ProviderFactory.invokeProvider(ProviderFactory.java:85)
	at org.apache.maven.surefire.booter.ForkedBooter.runSuitesInProcess(ForkedBooter.java:115)
	at org.apache.maven.surefire.booter.ForkedBooter.main(ForkedBooter.java:75)
</failure>
    <system-out>hi me ya hu;;;;;;;;;;;;;;;;;;;;;;;;;;
{&quot;userName&quot;:&quot;pallavi&quot;,&quot;email&quot;:&quot;pall@gmail.com&quot;,&quot;type&quot;:&quot;PersonalInfo&quot;,&quot;firstName&quot;:&quot;pallavi&quot;,&quot;lastName&quot;:&quot;zade&quot;,&quot;nationalIdentifier&quot;:null,&quot;documentUploadDetail&quot;:[],&quot;contact_information&quot;:null,&quot;contact_address&quot;:null}
hi me ya hu;;;;;;;;;;;;;;;;;;;;;;;;;;
{&quot;userName&quot;:&quot;pallavi&quot;,&quot;email&quot;:&quot;pall@gmail.com&quot;,&quot;type&quot;:&quot;PersonalInfo&quot;,&quot;firstName&quot;:&quot;pallavi&quot;,&quot;lastName&quot;:&quot;zade&quot;,&quot;nationalIdentifier&quot;:null,&quot;documentUploadDetail&quot;:[],&quot;contact_information&quot;:null,&quot;contact_address&quot;:null}
================%%%%%%%%%%%%%%%%%%%%%{&quot;userName&quot;:&quot;pallavi&quot;,&quot;email&quot;:&quot;pall@gmail.com&quot;,&quot;type&quot;:&quot;PersonalInfo&quot;,&quot;firstName&quot;:&quot;pallavi&quot;,&quot;lastName&quot;:&quot;zade&quot;,&quot;nationalIdentifier&quot;:null,&quot;documentUploadDetail&quot;:[],&quot;contact_information&quot;:null,&quot;contact_address&quot;:null}
hi me ya hu;;;;;;;;;;;;;;;;;;;;;;;;;;
{&quot;userName&quot;:&quot;pallavi&quot;,&quot;email&quot;:&quot;pall@gmail.com&quot;,&quot;type&quot;:&quot;PersonalInfo&quot;,&quot;firstName&quot;:&quot;pallavi&quot;,&quot;lastName&quot;:&quot;zade&quot;,&quot;nationalIdentifier&quot;:null,&quot;documentUploadDetail&quot;:[],&quot;contact_information&quot;:null,&quot;contact_address&quot;:null}
ERROR: [main] 2016-10-04 14:00:59,787 com.noblemktkyc.service.UserServiceImpl Inside UserServiceImpl :: getUserBoxFolder method
INFO : [main] 2016-10-04 14:00:59,788 com.noblemktkyc.service.box.api.BoxApiServiceImpl Inside BoxApiServiceImpl::getBoxFolder Method
INFO : [main] 2016-10-04 14:00:59,788 com.noblemktkyc.service.box.api.BoxApiServiceImpl Inside BoxApiServiceImpl::setBoxAPIConnection Method
INFO : [main] 2016-10-04 14:00:59,789 com.noblemktkyc.service.box.api.BoxApiServiceImpl BoxApiServiceImpl::setBoxAPIConnection Method::before creating connection::
INFO : [main] 2016-10-04 14:01:00,974 com.noblemktkyc.service.box.api.BoxApiServiceImpl BoxApiServiceImpl::setBoxAPIConnection Method::after creating connection::
INFO : [main] 2016-10-04 14:01:01,347 com.noblemktkyc.service.box.api.BoxApiServiceImpl Inside BoxApiServiceImpl::getBoxFolder Method :: File/folder name is customer_sample@gmail.com_fileCopyComplete
INFO : [main] 2016-10-04 14:01:01,348 com.noblemktkyc.service.box.api.BoxApiServiceImpl Inside BoxApiServiceImpl::getBoxFolder Method :: File/folder name is pallavi_inProgress
INFO : [main] 2016-10-04 14:01:01,348 com.noblemktkyc.service.box.api.BoxApiServiceImpl Inside BoxApiServiceImpl::getBoxFolder Method :: User Folder found pallavi_inProgress
DEBUG: [main] 2016-10-04 14:01:01,411 org.hibernate.validator.internal.metadata.descriptor.ConstraintDescriptorImpl Adding composing constraint: ConstraintDescriptorImpl{annotation=javax.validation.constraints.Pattern, payloads=[], hasComposingConstraints=true, isReportAsSingleInvalidConstraint=false, elementType=FIELD, definedOn=DEFINED_LOCALLY, groups=[interface javax.validation.groups.Default], attributes={flags=[Ljavax.validation.constraints.Pattern$Flag;@7c6442c2, groups=[Ljava.lang.Class;@2d746ce4, regexp=.*, message={javax.validation.constraints.Pattern.message}, payload=[Ljava.lang.Class;@5dbf5634}, constraintType=GENERIC}.
DEBUG: [main] 2016-10-04 14:01:01,415 org.hibernate.validator.internal.metadata.descriptor.ConstraintDescriptorImpl Adding composing constraint: ConstraintDescriptorImpl{annotation=javax.validation.constraints.Pattern, payloads=[], hasComposingConstraints=true, isReportAsSingleInvalidConstraint=false, elementType=FIELD, definedOn=DEFINED_LOCALLY, groups=[interface javax.validation.groups.Default], attributes={flags=[Ljavax.validation.constraints.Pattern$Flag;@7c6442c2, groups=[Ljava.lang.Class;@6c298dc, regexp=.*, message={javax.validation.constraints.Pattern.message}, payload=[Ljava.lang.Class;@3e7dfd44}, constraintType=GENERIC}.
DEBUG: [main] 2016-10-04 14:01:01,416 org.hibernate.validator.internal.metadata.descriptor.ConstraintDescriptorImpl Adding composing constraint: ConstraintDescriptorImpl{annotation=javax.validation.constraints.NotNull, payloads=[], hasComposingConstraints=true, isReportAsSingleInvalidConstraint=false, elementType=FIELD, definedOn=DEFINED_LOCALLY, groups=[interface javax.validation.groups.Default], attributes={message={javax.validation.constraints.NotNull.message}, groups=[Ljava.lang.Class;@6b760460, payload=[Ljava.lang.Class;@796065aa}, constraintType=GENERIC}.
DEBUG: [main] 2016-10-04 14:01:01,416 org.hibernate.validator.internal.metadata.descriptor.ConstraintDescriptorImpl Adding composing constraint: ConstraintDescriptorImpl{annotation=javax.validation.constraints.Size, payloads=[], hasComposingConstraints=true, isReportAsSingleInvalidConstraint=false, elementType=FIELD, definedOn=DEFINED_LOCALLY, groups=[interface javax.validation.groups.Default], attributes={groups=[Ljava.lang.Class;@2c306a57, min=1, message={javax.validation.constraints.Size.message}, max=2147483647, payload=[Ljava.lang.Class;@773e2eb5}, constraintType=GENERIC}.
DEBUG: [main] 2016-10-04 14:01:01,417 org.hibernate.validator.internal.metadata.descriptor.ConstraintDescriptorImpl Adding composing constraint: ConstraintDescriptorImpl{annotation=javax.validation.constraints.NotNull, payloads=[], hasComposingConstraints=true, isReportAsSingleInvalidConstraint=false, elementType=FIELD, definedOn=DEFINED_LOCALLY, groups=[interface javax.validation.groups.Default], attributes={message={javax.validation.constraints.NotNull.message}, groups=[Ljava.lang.Class;@1436a7ab, payload=[Ljava.lang.Class;@3b7b05a8}, constraintType=GENERIC}.
DEBUG: [main] 2016-10-04 14:01:01,418 org.hibernate.validator.internal.metadata.descriptor.ConstraintDescriptorImpl Adding composing constraint: ConstraintDescriptorImpl{annotation=javax.validation.constraints.Size, payloads=[], hasComposingConstraints=true, isReportAsSingleInvalidConstraint=false, elementType=FIELD, definedOn=DEFINED_LOCALLY, groups=[interface javax.validation.groups.Default], attributes={groups=[Ljava.lang.Class;@7abe27bf, min=1, message={javax.validation.constraints.Size.message}, max=2147483647, payload=[Ljava.lang.Class;@5b94ccbc}, constraintType=GENERIC}.
DEBUG: [main] 2016-10-04 14:01:01,485 org.hibernate.validator.resourceloading.PlatformResourceBundleLocator ValidationMessages not found.
DEBUG: [main] 2016-10-04 14:01:01,487 org.hibernate.validator.resourceloading.PlatformResourceBundleLocator org.hibernate.validator.ValidationMessages found.
INFO : [main] 2016-10-04 14:01:01,495 com.noblemktkyc.controller.KycSaveController inside KycSaveController :: saveKycInfo Method
ERROR: [main] 2016-10-04 14:01:01,496 com.noblemktkyc.controller.KycSaveController 
ERROR: [main] 2016-10-04 14:01:01,496 com.noblemktkyc.controller.KycSaveController [Ljava.lang.StackTraceElement;@12958360
ERROR: [main] 2016-10-04 14:01:01,498 com.noblemktkyc.controller.KycSaveController Exception in KycSaveController :: saveKycInfo method:: Exception is ::
java.lang.NullPointerException
	at com.noblemktkyc.model.CustomValidator.validate(CustomValidator.java:36)
	at com.noblemktkyc.controller.KycSaveController.saveKycInfo(KycSaveController.java:78)
	at sun.reflect.NativeMethodAccessorImpl.invoke0(Native Method)
	at sun.reflect.NativeMethodAccessorImpl.invoke(NativeMethodAccessorImpl.java:62)
	at sun.reflect.DelegatingMethodAccessorImpl.invoke(DelegatingMethodAccessorImpl.java:43)
	at java.lang.reflect.Method.invoke(Method.java:497)
	at org.springframework.web.method.support.InvocableHandlerMethod.doInvoke(InvocableHandlerMethod.java:221)
	at org.springframework.web.method.support.InvocableHandlerMethod.invokeForRequest(InvocableHandlerMethod.java:137)
	at org.springframework.web.servlet.mvc.method.annotation.ServletInvocableHandlerMethod.invokeAndHandle(ServletInvocableHandlerMethod.java:111)
	at org.springframework.web.servlet.mvc.method.annotation.RequestMappingHandlerAdapter.invokeHandlerMethod(RequestMappingHandlerAdapter.java:806)
	at org.springframework.web.servlet.mvc.method.annotation.RequestMappingHandlerAdapter.handleInternal(RequestMappingHandlerAdapter.java:729)
	at org.springframework.web.servlet.mvc.method.AbstractHandlerMethodAdapter.handle(AbstractHandlerMethodAdapter.java:85)
	at org.springframework.web.servlet.DispatcherServlet.doDispatch(DispatcherServlet.java:959)
	at org.springframework.web.servlet.DispatcherServlet.doService(DispatcherServlet.java:893)
	at org.springframework.web.servlet.FrameworkServlet.processRequest(FrameworkServlet.java:970)
	at org.springframework.web.servlet.FrameworkServlet.doPost(FrameworkServlet.java:872)
	at javax.servlet.http.HttpServlet.service(HttpServlet.java:707)
	at org.springframework.web.servlet.FrameworkServlet.service(FrameworkServlet.java:846)
	at org.springframework.test.web.servlet.TestDispatcherServlet.service(TestDispatcherServlet.java:65)
	at javax.servlet.http.HttpServlet.service(HttpServlet.java:790)
	at org.springframework.mock.web.MockFilterChain$ServletFilterProxy.doFilter(MockFilterChain.java:167)
	at org.springframework.mock.web.MockFilterChain.doFilter(MockFilterChain.java:134)
	at org.springframework.test.web.servlet.MockMvc.perform(MockMvc.java:144)
	at com.noblemktkyc.test.controller.ITKycSaveControllerTest.saveKycInfoTest(ITKycSaveControllerTest.java:62)
	at sun.reflect.NativeMethodAccessorImpl.invoke0(Native Method)
	at sun.reflect.NativeMethodAccessorImpl.invoke(NativeMethodAccessorImpl.java:62)
	at sun.reflect.DelegatingMethodAccessorImpl.invoke(DelegatingMethodAccessorImpl.java:43)
	at java.lang.reflect.Method.invoke(Method.java:497)
	at org.junit.runners.model.FrameworkMethod$1.runReflectiveCall(FrameworkMethod.java:50)
	at org.junit.internal.runners.model.ReflectiveCallable.run(ReflectiveCallable.java:12)
	at org.junit.runners.model.FrameworkMethod.invokeExplosively(FrameworkMethod.java:47)
	at org.junit.internal.runners.statements.InvokeMethod.evaluate(InvokeMethod.java:17)
	at org.junit.internal.runners.statements.RunBefores.evaluate(RunBefores.java:26)
	at org.springframework.test.context.junit4.statements.RunBeforeTestMethodCallbacks.evaluate(RunBeforeTestMethodCallbacks.java:73)
	at org.springframework.test.context.junit4.statements.RunAfterTestMethodCallbacks.evaluate(RunAfterTestMethodCallbacks.java:82)
	at org.springframework.test.context.junit4.statements.SpringRepeat.evaluate(SpringRepeat.java:73)
	at org.junit.runners.ParentRunner.runLeaf(ParentRunner.java:325)
	at org.springframework.test.context.junit4.SpringJUnit4ClassRunner.runChild(SpringJUnit4ClassRunner.java:217)
	at org.springframework.test.context.junit4.SpringJUnit4ClassRunner.runChild(SpringJUnit4ClassRunner.java:83)
	at org.junit.runners.ParentRunner$3.run(ParentRunner.java:290)
	at org.junit.runners.ParentRunner$1.schedule(ParentRunner.java:71)
	at org.junit.runners.ParentRunner.runChildren(ParentRunner.java:288)
	at org.junit.runners.ParentRunner.access$000(ParentRunner.java:58)
	at org.junit.runners.ParentRunner$2.evaluate(ParentRunner.java:268)
	at org.springframework.test.context.junit4.statements.RunBeforeTestClassCallbacks.evaluate(RunBeforeTestClassCallbacks.java:61)
	at org.springframework.test.context.junit4.statements.RunAfterTestClassCallbacks.evaluate(RunAfterTestClassCallbacks.java:68)
	at org.junit.runners.ParentRunner.run(ParentRunner.java:363)
	at org.springframework.test.context.junit4.SpringJUnit4ClassRunner.run(SpringJUnit4ClassRunner.java:163)
	at org.apache.maven.surefire.junit4.JUnit4Provider.execute(JUnit4Provider.java:252)
	at org.apache.maven.surefire.junit4.JUnit4Provider.executeTestSet(JUnit4Provider.java:141)
	at org.apache.maven.surefire.junit4.JUnit4Provider.invoke(JUnit4Provider.java:112)
	at sun.reflect.NativeMethodAccessorImpl.invoke0(Native Method)
	at sun.reflect.NativeMethodAccessorImpl.invoke(NativeMethodAccessorImpl.java:62)
	at sun.reflect.DelegatingMethodAccessorImpl.invoke(DelegatingMethodAccessorImpl.java:43)
	at java.lang.reflect.Method.invoke(Method.java:497)
	at org.apache.maven.surefire.util.ReflectionUtils.invokeMethodWithArray(ReflectionUtils.java:189)
	at org.apache.maven.surefire.booter.ProviderFactory$ProviderProxy.invoke(ProviderFactory.java:165)
	at org.apache.maven.surefire.booter.ProviderFactory.invokeProvider(ProviderFactory.java:85)
	at org.apache.maven.surefire.booter.ForkedBooter.runSuitesInProcess(ForkedBooter.java:115)
	at org.apache.maven.surefire.booter.ForkedBooter.main(ForkedBooter.java:75)
</system-out>
  </testcase>
</testsuite>